Flow report for FIFO
Tue Apr 18 20:40:28 2017
Quartus Prime Version 16.0.0 Build 211 04/27/2016 SJ Lite Edition


---------------------
; Table of Contents ;
---------------------
  1. Legal Notice
  2. Flow Summary
  3. Flow Settings
  4. Flow Non-Default Global Settings
  5. Flow Elapsed Time
  6. Flow OS Summary
  7. Flow Log
  8. Flow Messages
  9. Flow Suppressed Messages



----------------
; Legal Notice ;
----------------
Copyright (C) 1991-2016 Altera Corporation. All rights reserved.
Your use of Altera Corporation's design tools, logic functions 
and other software and tools, and its AMPP partner logic 
functions, and any output files from any of the foregoing 
(including device programming or simulation files), and any 
associated documentation or information are expressly subject 
to the terms and conditions of the Altera Program License 
Subscription Agreement, the Altera Quartus Prime License Agreement,
the Altera MegaCore Function License Agreement, or other 
applicable license agreement, including, without limitation, 
that your use is for the sole purpose of programming logic 
devices manufactured by Altera and sold by Altera or its 
authorized distributors.  Please refer to the applicable 
agreement for further details.



+----------------------------------------------------------------------------------+
; Flow Summary                                                                     ;
+------------------------------------+---------------------------------------------+
; Flow Status                        ; Successful - Tue Apr 18 20:40:28 2017       ;
; Quartus Prime Version              ; 16.0.0 Build 211 04/27/2016 SJ Lite Edition ;
; Revision Name                      ; FIFO                                        ;
; Top-level Entity Name              ; FIFO                                        ;
; Family                             ; Cyclone IV E                                ;
; Total logic elements               ; 31,833                                      ;
;     Total combinational functions  ; 15,306                                      ;
;     Dedicated logic registers      ; 16,627                                      ;
; Total registers                    ; 16627                                       ;
; Total pins                         ; 22                                          ;
; Total virtual pins                 ; 0                                           ;
; Total memory bits                  ; 0                                           ;
; Embedded Multiplier 9-bit elements ; 0                                           ;
; Total PLLs                         ; 0                                           ;
+------------------------------------+---------------------------------------------+


+-----------------------------------------+
; Flow Settings                           ;
+-------------------+---------------------+
; Option            ; Setting             ;
+-------------------+---------------------+
; Start date & time ; 04/18/2017 20:35:22 ;
; Main task         ; Compilation         ;
; Revision Name     ; FIFO                ;
+-------------------+---------------------+


+---------------------------------------------------------------------------------------------------+
; Flow Non-Default Global Settings                                                                  ;
+-----------------------+--------------------------------+---------------+-------------+------------+
; Assignment Name       ; Value                          ; Default Value ; Entity Name ; Section Id ;
+-----------------------+--------------------------------+---------------+-------------+------------+
; COMPILER_SIGNATURE_ID ; 88398802590963.149256932105232 ; --            ; --          ; --         ;
+-----------------------+--------------------------------+---------------+-------------+------------+


+--------------------------------------------------------------------------------------------------------------------------+
; Flow Elapsed Time                                                                                                        ;
+----------------------+--------------+-------------------------+---------------------+------------------------------------+
; Module Name          ; Elapsed Time ; Average Processors Used ; Peak Virtual Memory ; Total CPU Time (on all processors) ;
+----------------------+--------------+-------------------------+---------------------+------------------------------------+
; Analysis & Synthesis ; 00:04:59     ; 1.0                     ; 1461 MB             ; 00:05:13                           ;
; EDA Netlist Writer   ; 00:00:04     ; 1.0                     ; 762 MB              ; 00:00:03                           ;
; Total                ; 00:05:03     ; --                      ; --                  ; 00:05:16                           ;
+----------------------+--------------+-------------------------+---------------------+------------------------------------+


+-----------------------------------------------------------------------------------+
; Flow OS Summary                                                                   ;
+----------------------+------------------+-----------+------------+----------------+
; Module Name          ; Machine Hostname ; OS Name   ; OS Version ; Processor type ;
+----------------------+------------------+-----------+------------+----------------+
; Analysis & Synthesis ; ENS12249         ; Windows 7 ; 6.1        ; x86_64         ;
; EDA Netlist Writer   ; ENS12249         ; Windows 7 ; 6.1        ; x86_64         ;
+----------------------+------------------+-----------+------------+----------------+


------------
; Flow Log ;
------------
quartus_map FIFO --source=FIFO.v --ini=greybox_disable_cut_checks=on --family="Cyclone IV E"
quartus_eda FIFO --greybox_verilog=on --netlist=C:/Users/saurabhg/Desktop/fpga-spreadspectrum-adaptivefilt/a2dv2/FIFO_syn.v



