Flow report for top
Fri Feb 19 16:59:59 2016
Quartus Prime Version 15.1.0 Build 185 10/21/2015 SJ Lite Edition


---------------------
; Table of Contents ;
---------------------
  1. Legal Notice
  2. Flow Summary
  3. Flow Settings
  4. Flow Non-Default Global Settings
  5. Flow Elapsed Time
  6. Flow OS Summary
  7. Flow Log
  8. Flow Messages
  9. Flow Suppressed Messages



----------------
; Legal Notice ;
----------------
Copyright (C) 1991-2015 Altera Corporation. All rights reserved.
Your use of Altera Corporation's design tools, logic functions 
and other software and tools, and its AMPP partner logic 
functions, and any output files from any of the foregoing 
(including device programming or simulation files), and any 
associated documentation or information are expressly subject 
to the terms and conditions of the Altera Program License 
Subscription Agreement, the Altera Quartus Prime License Agreement,
the Altera MegaCore Function License Agreement, or other 
applicable license agreement, including, without limitation, 
that your use is for the sole purpose of programming logic 
devices manufactured by Altera and sold by Altera or its 
authorized distributors.  Please refer to the applicable 
agreement for further details.



+----------------------------------------------------------------------------------+
; Flow Summary                                                                     ;
+------------------------------------+---------------------------------------------+
; Flow Status                        ; Successful - Fri Feb 19 16:59:59 2016       ;
; Quartus Prime Version              ; 15.1.0 Build 185 10/21/2015 SJ Lite Edition ;
; Revision Name                      ; top                                         ;
; Top-level Entity Name              ; top                                         ;
; Family                             ; Cyclone IV E                                ;
; Device                             ; EP4CE115F29C7                               ;
; Timing Models                      ; Final                                       ;
; Total logic elements               ; 554 / 114,480 ( < 1 % )                     ;
;     Total combinational functions  ; 425 / 114,480 ( < 1 % )                     ;
;     Dedicated logic registers      ; 406 / 114,480 ( < 1 % )                     ;
; Total registers                    ; 406                                         ;
; Total pins                         ; 2 / 529 ( < 1 % )                           ;
; Total virtual pins                 ; 0                                           ;
; Total memory bits                  ; 512 / 3,981,312 ( < 1 % )                   ;
; Embedded Multiplier 9-bit elements ; 0 / 532 ( 0 % )                             ;
; Total PLLs                         ; 1 / 4 ( 25 % )                              ;
+------------------------------------+---------------------------------------------+


+-----------------------------------------+
; Flow Settings                           ;
+-------------------+---------------------+
; Option            ; Setting             ;
+-------------------+---------------------+
; Start date & time ; 02/19/2016 16:59:03 ;
; Main task         ; Compilation         ;
; Revision Name     ; top                 ;
+-------------------+---------------------+


+-------------------------------------------------------------------------------------------------------------------------------------------------+
; Flow Non-Default Global Settings                                                                                                                ;
+------------------------------------------------+-----------------------------------------------+---------------+-------------+------------------+
; Assignment Name                                ; Value                                         ; Default Value ; Entity Name ; Section Id       ;
+------------------------------------------------+-----------------------------------------------+---------------+-------------+------------------+
; COMPILER_SIGNATURE_ID                          ; 88398803683689.145592634304188                ; --            ; --          ; --               ;
; EDA_GENERATE_FUNCTIONAL_NETLIST                ; On                                            ; --            ; --          ; eda_simulation   ;
; EDA_OUTPUT_DATA_FORMAT                         ; Vhdl                                          ; --            ; --          ; eda_simulation   ;
; EDA_SIMULATION_TOOL                            ; ModelSim-Altera (VHDL)                        ; <None>        ; --          ; --               ;
; EDA_TIME_SCALE                                 ; 1 ps                                          ; --            ; --          ; eda_simulation   ;
; EDA_USER_COMPILED_SIMULATION_LIBRARY_DIRECTORY ; C:\altera_lite\15.1\lab2vhdl                  ; --            ; --          ; eda_simulation   ;
; ENABLE_SIGNALTAP                               ; On                                            ; --            ; --          ; --               ;
; FITTER_EFFORT                                  ; Fast Fit                                      ; Auto Fit      ; --          ; --               ;
; MAX_CORE_JUNCTION_TEMP                         ; 85                                            ; --            ; --          ; --               ;
; MIN_CORE_JUNCTION_TEMP                         ; 0                                             ; --            ; --          ; --               ;
; MISC_FILE                                      ; ALTP.cmp                                      ; --            ; --          ; --               ;
; MISC_FILE                                      ; ALTP.ppf                                      ; --            ; --          ; --               ;
; MISC_FILE                                      ; PLL.bsf                                       ; --            ; --          ; --               ;
; MISC_FILE                                      ; PLL_inst.vhd                                  ; --            ; --          ; --               ;
; MISC_FILE                                      ; PLL.inc                                       ; --            ; --          ; --               ;
; MISC_FILE                                      ; PLL.cmp                                       ; --            ; --          ; --               ;
; MISC_FILE                                      ; PLL.ppf                                       ; --            ; --          ; --               ;
; MISC_FILE                                      ; PLL1_inst.vhd                                 ; --            ; --          ; --               ;
; MISC_FILE                                      ; PLL1.cmp                                      ; --            ; --          ; --               ;
; MISC_FILE                                      ; PLL1.ppf                                      ; --            ; --          ; --               ;
; NOMINAL_CORE_SUPPLY_VOLTAGE                    ; 1.2V                                          ; --            ; --          ; --               ;
; NUM_PARALLEL_PROCESSORS                        ; All                                           ; --            ; --          ; --               ;
; PARTITION_COLOR                                ; 16764057                                      ; --            ; --          ; Top              ;
; PARTITION_FITTER_PRESERVATION_LEVEL            ; PLACEMENT_AND_ROUTING                         ; --            ; --          ; Top              ;
; PARTITION_NETLIST_TYPE                         ; SOURCE                                        ; --            ; --          ; Top              ;
; POWER_BOARD_THERMAL_MODEL                      ; None (CONSERVATIVE)                           ; --            ; --          ; --               ;
; POWER_PRESET_COOLING_SOLUTION                  ; 23 MM HEAT SINK WITH 200 LFPM AIRFLOW         ; --            ; --          ; --               ;
; SLD_FILE                                       ; db/top_auto_stripped.stp                      ; --            ; --          ; --               ;
; SLD_NODE_CREATOR_ID                            ; 110                                           ; --            ; --          ; auto_signaltap_0 ;
; SLD_NODE_ENTITY_NAME                           ; sld_signaltap                                 ; --            ; --          ; auto_signaltap_0 ;
; SLD_NODE_PARAMETER_ASSIGNMENT                  ; SLD_RAM_BLOCK_TYPE=AUTO                       ; --            ; --          ; auto_signaltap_0 ;
; SLD_NODE_PARAMETER_ASSIGNMENT                  ; SLD_NODE_INFO=805334528                       ; --            ; --          ; auto_signaltap_0 ;
; SLD_NODE_PARAMETER_ASSIGNMENT                  ; SLD_POWER_UP_TRIGGER=0                        ; --            ; --          ; auto_signaltap_0 ;
; SLD_NODE_PARAMETER_ASSIGNMENT                  ; SLD_STORAGE_QUALIFIER_INVERSION_MASK_LENGTH=0 ; --            ; --          ; auto_signaltap_0 ;
; SLD_NODE_PARAMETER_ASSIGNMENT                  ; SLD_SEGMENT_SIZE=128                          ; --            ; --          ; auto_signaltap_0 ;
; SLD_NODE_PARAMETER_ASSIGNMENT                  ; SLD_ATTRIBUTE_MEM_MODE=OFF                    ; --            ; --          ; auto_signaltap_0 ;
; SLD_NODE_PARAMETER_ASSIGNMENT                  ; SLD_STATE_FLOW_USE_GENERATED=0                ; --            ; --          ; auto_signaltap_0 ;
; SLD_NODE_PARAMETER_ASSIGNMENT                  ; SLD_STATE_BITS=11                             ; --            ; --          ; auto_signaltap_0 ;
; SLD_NODE_PARAMETER_ASSIGNMENT                  ; SLD_BUFFER_FULL_STOP=1                        ; --            ; --          ; auto_signaltap_0 ;
; SLD_NODE_PARAMETER_ASSIGNMENT                  ; SLD_CURRENT_RESOURCE_WIDTH=1                  ; --            ; --          ; auto_signaltap_0 ;
; SLD_NODE_PARAMETER_ASSIGNMENT                  ; SLD_INCREMENTAL_ROUTING=1                     ; --            ; --          ; auto_signaltap_0 ;
; SLD_NODE_PARAMETER_ASSIGNMENT                  ; SLD_TRIGGER_LEVEL=1                           ; --            ; --          ; auto_signaltap_0 ;
; SLD_NODE_PARAMETER_ASSIGNMENT                  ; SLD_SAMPLE_DEPTH=128                          ; --            ; --          ; auto_signaltap_0 ;
; SLD_NODE_PARAMETER_ASSIGNMENT                  ; SLD_TRIGGER_IN_ENABLED=0                      ; --            ; --          ; auto_signaltap_0 ;
; SLD_NODE_PARAMETER_ASSIGNMENT                  ; SLD_ADVANCED_TRIGGER_ENTITY=basic,1,          ; --            ; --          ; auto_signaltap_0 ;
; SLD_NODE_PARAMETER_ASSIGNMENT                  ; SLD_TRIGGER_LEVEL_PIPELINE=1                  ; --            ; --          ; auto_signaltap_0 ;
; SLD_NODE_PARAMETER_ASSIGNMENT                  ; SLD_ENABLE_ADVANCED_TRIGGER=0                 ; --            ; --          ; auto_signaltap_0 ;
; SLD_NODE_PARAMETER_ASSIGNMENT                  ; SLD_TRIGGER_BITS=1                            ; --            ; --          ; auto_signaltap_0 ;
; SLD_NODE_PARAMETER_ASSIGNMENT                  ; SLD_INVERSION_MASK=000000000000000000000000   ; --            ; --          ; auto_signaltap_0 ;
; SLD_NODE_PARAMETER_ASSIGNMENT                  ; SLD_INVERSION_MASK_LENGTH=24                  ; --            ; --          ; auto_signaltap_0 ;
; SLD_NODE_PARAMETER_ASSIGNMENT                  ; SLD_DATA_BITS=4                               ; --            ; --          ; auto_signaltap_0 ;
; SLD_NODE_PARAMETER_ASSIGNMENT                  ; SLD_STORAGE_QUALIFIER_BITS=4                  ; --            ; --          ; auto_signaltap_0 ;
; SMART_RECOMPILE                                ; On                                            ; Off           ; --          ; --               ;
; USE_SIGNALTAP_FILE                             ; top.stp                                       ; --            ; --          ; --               ;
+------------------------------------------------+-----------------------------------------------+---------------+-------------+------------------+


+-------------------------------------------------------------------------------------------------------------------------------+
; Flow Elapsed Time                                                                                                             ;
+---------------------------+--------------+-------------------------+---------------------+------------------------------------+
; Module Name               ; Elapsed Time ; Average Processors Used ; Peak Virtual Memory ; Total CPU Time (on all processors) ;
+---------------------------+--------------+-------------------------+---------------------+------------------------------------+
; Analysis & Synthesis      ; 00:00:20     ; 1.0                     ; 901 MB              ; 00:00:39                           ;
; Fitter                    ; 00:00:11     ; 1.0                     ; 1812 MB             ; 00:00:14                           ;
; Assembler                 ; 00:00:05     ; 1.0                     ; 756 MB              ; 00:00:04                           ;
; TimeQuest Timing Analyzer ; 00:00:03     ; 1.0                     ; 936 MB              ; 00:00:02                           ;
; EDA Netlist Writer        ; 00:00:01     ; 1.0                     ; 713 MB              ; 00:00:01                           ;
; Total                     ; 00:00:40     ; --                      ; --                  ; 00:01:00                           ;
+---------------------------+--------------+-------------------------+---------------------+------------------------------------+


+----------------------------------------------------------------------------------------+
; Flow OS Summary                                                                        ;
+---------------------------+------------------+-----------+------------+----------------+
; Module Name               ; Machine Hostname ; OS Name   ; OS Version ; Processor type ;
+---------------------------+------------------+-----------+------------+----------------+
; Analysis & Synthesis      ; Ayush-HP         ; Windows 8 ; 6.2        ; x86_64         ;
; Fitter                    ; Ayush-HP         ; Windows 8 ; 6.2        ; x86_64         ;
; Assembler                 ; Ayush-HP         ; Windows 8 ; 6.2        ; x86_64         ;
; TimeQuest Timing Analyzer ; Ayush-HP         ; Windows 8 ; 6.2        ; x86_64         ;
; EDA Netlist Writer        ; Ayush-HP         ; Windows 8 ; 6.2        ; x86_64         ;
+---------------------------+------------------+-----------+------------+----------------+


------------
; Flow Log ;
------------
quartus_map --read_settings_files=on --write_settings_files=off top -c top
quartus_fit --read_settings_files=off --write_settings_files=off top -c top
quartus_asm --read_settings_files=off --write_settings_files=off top -c top
quartus_sta top -c top
quartus_eda --read_settings_files=off --write_settings_files=off top -c top



