Exploration report for a2dv2
Sun Jul 24 22:03:13 2016
Quartus Prime Version 16.0.0 Build 211 04/27/2016 SJ Lite Edition


+------------------+
; Table of Contents;
+------------------+
  1. Legal Notice
  2. Exploration Summary
  3. DSE Messages

+-------------+
; Legal Notice;
+-------------+
Copyright (C) 1991-2016 Altera Corporation. All rights reserved.
Your use of Altera Corporation's design tools, logic functions 
and other software and tools, and its AMPP partner logic 
functions, and any output files from any of the foregoing 
(including device programming or simulation files), and any 
associated documentation or information are expressly subject 
to the terms and conditions of the Altera Program License 
Subscription Agreement, the Altera Quartus Prime License Agreement,
the Altera MegaCore Function License Agreement, or other 
applicable license agreement, including, without limitation, 
that your use is for the sole purpose of programming logic 
devices manufactured by Altera and sold by Altera or its 
authorized distributors.  Please refer to the applicable 
agreement for further details.


+------------------------------------------------------------------------------------------------------------------------------------------------------+
; Exploration Summary                                                                                                                                  ;
+-----------------+--------------+--------------+---------------+--------------+------------------+-----------------+-----------------+----------------+
;Exploration Point;Quality of Fit;f(MAX) Geomean;WC Slack: Setup;WC Slack: Hold;WC Slack: Recovery;WC Slack: Removal;Logic Utilization;Compilation Time;
+-----------------+--------------+--------------+---------------+--------------+------------------+-----------------+-----------------+----------------+
;dse1_1           ;        -0.200;64.540 MHz    ;         -1.219;         0.102;            95.560;            0.653;9,014            ;00:03:02        ;
;dse1_2           ;        -0.210;65.337 MHz    ;         -1.247;         0.122;            95.260;            0.490;9,065            ;00:03:01        ;
;dse1_3           ;        -0.220;62.674 MHz    ;         -1.249;         0.095;            95.391;            0.558;9,045            ;00:03:04        ;
;dse1_4           ;        -0.320;67.947 MHz    ;         -1.333;         0.121;            95.007;            0.492;9,009            ;00:03:05        ;
;dse1_5           ;        -0.230;66.566 MHz    ;         -1.256;         0.094;            94.708;            0.673;9,029            ;00:02:56        ;
;dse1_base        ;        -0.270;71.422 MHz    ;         -1.295;         0.122;            94.766;            0.561;9,083            ;00:02:21        ;
+-----------------+--------------+--------------+---------------+--------------+------------------+-----------------+-----------------+----------------+

+-------------+
; DSE Messages;
+-------------+
Info: Archiving C:/Users/saurabhg/Desktop/fpga-spreadspectrum-adaptivefilt/a2dv2/a2dv2.qpf revision a2dv2 ...
Info: Job 1 : quartus_sh --ipc_json --flow compile a2dv2.qsf
Info: Job 2 : quartus_sh --ipc_json --flow compile a2dv2.qsf
Info: Job 3 : quartus_sh --ipc_json --flow compile a2dv2.qsf
Info: Job 4 : quartus_sh --ipc_json --flow compile a2dv2.qsf
Info: Job 5 : quartus_sh --ipc_json --flow compile a2dv2.qsf
Info: Job 6 : quartus_sh --ipc_json --flow compile a2dv2.qsf
Info: Explorer server: http://127.0.0.1:62122 started.
Info: Starting timing (aggressive) exploration
Info: Revision: dse1_base will be compiled on compute node: ENS12198
Info: Exploration Point dse1_base reported: Registering self with server http://127.0.0.1:62122/api/v1.0/broker/server/
Info: Exploration Point dse1_base reported: Successfully registered with server.
Info: Exploration Point dse1_base reported: Starting compilation quartus_sh --ipc_json --flow compile a2dv2.qsf
Info: Exploration Point dse1_base reported: Sent timestamps successfully
Info: Exploration Point dse1_base reported: Preparing to compile a2dv2 ...
Info: Exploration Point dse1_base reported: Downloading a2dv2.qar.sha256 ...
Info: Exploration Point dse1_base reported: Finished download.
Info: Exploration Point dse1_base reported: Verified dse/dse1/dse1_base\a2dv2.qar.sha256 exists.
Info: Exploration Point dse1_base reported: Downloading a2dv2.qar ...
Info: Exploration Point dse1_base reported: Finished download.
Info: Exploration Point dse1_base reported: Verified dse/dse1/dse1_base\a2dv2.qar exists.
Info: Exploration Point dse1_base reported: Download successful. Checksum matched expected value.
Info: Exploration Point dse1_base reported: Running quartus_sh --restore -output dse/dse1/dse1_base dse/dse1/dse1_base\a2dv2.qar
Info: Exploration Point dse1_base reported: Downloading dse1_base.qsf ...
Info: Exploration Point dse1_base reported: Finished download.
Info: Exploration Point dse1_base reported: Verified C:\Users\saurabhg\Desktop\fpga-spreadspectrum-adaptivefilt\a2dv2\dse/dse1/dse1_base\a2dv2.qsf exists.
Info: Exploration Point dse1_base reported: Downloading dse1_base.qpf ...
Info: Exploration Point dse1_base reported: Finished download.
Info: Exploration Point dse1_base reported: Verified dse/dse1/dse1_base\a2dv2.qpf exists.
Info: Exploration Point dse1_base reported: Sent timestamps successfully
Info: Exploration Point dse1_base reported: Sent timestamps successfully
Info: Exploration Point dse1_base reported: Compilation finished. 0 msgs
Info: Exploration Point dse1_base reported: Processing keep results option: all
Info: Revision: dse1_1 will be compiled on compute node: ENS12198
Info: Exploration Point dse1_1 reported: Registering self with server http://127.0.0.1:62122/api/v1.0/broker/server/
Info: Exploration Point dse1_1 reported: Successfully registered with server.
Info: Exploration Point dse1_1 reported: Starting compilation quartus_sh --ipc_json --flow compile a2dv2.qsf
Info: Exploration Point dse1_1 reported: Sent timestamps successfully
Info: Exploration Point dse1_1 reported: Preparing to compile a2dv2 ...
Info: Exploration Point dse1_1 reported: Downloading a2dv2.qar.sha256 ...
Info: Exploration Point dse1_1 reported: Finished download.
Info: Exploration Point dse1_1 reported: Verified dse/dse1/dse1_1\a2dv2.qar.sha256 exists.
Info: Exploration Point dse1_1 reported: Downloading a2dv2.qar ...
Info: Exploration Point dse1_1 reported: Finished download.
Info: Exploration Point dse1_1 reported: Verified dse/dse1/dse1_1\a2dv2.qar exists.
Info: Exploration Point dse1_1 reported: Download successful. Checksum matched expected value.
Info: Exploration Point dse1_1 reported: Running quartus_sh --restore -output dse/dse1/dse1_1 dse/dse1/dse1_1\a2dv2.qar
Info: Exploration Point dse1_1 reported: Downloading dse1_1.qsf ...
Info: Exploration Point dse1_1 reported: Finished download.
Info: Exploration Point dse1_1 reported: Verified C:\Users\saurabhg\Desktop\fpga-spreadspectrum-adaptivefilt\a2dv2\dse/dse1/dse1_1\a2dv2.qsf exists.
Info: Exploration Point dse1_1 reported: Downloading dse1_1.qpf ...
Info: Exploration Point dse1_1 reported: Finished download.
Info: Exploration Point dse1_1 reported: Verified dse/dse1/dse1_1\a2dv2.qpf exists.
Info: Exploration Point dse1_1 reported: Sent timestamps successfully
Info: Exploration Point dse1_1 reported: Sent timestamps successfully
Info: Exploration Point dse1_1 reported: Compilation finished. 0 msgs
Info: Exploration Point dse1_1 reported: Processing keep results option: all
Info: Revision: dse1_2 will be compiled on compute node: ENS12198
Info: Exploration Point dse1_2 reported: Registering self with server http://127.0.0.1:62122/api/v1.0/broker/server/
Info: Exploration Point dse1_2 reported: Successfully registered with server.
Info: Exploration Point dse1_2 reported: Starting compilation quartus_sh --ipc_json --flow compile a2dv2.qsf
Info: Exploration Point dse1_2 reported: Sent timestamps successfully
Info: Exploration Point dse1_2 reported: Preparing to compile a2dv2 ...
Info: Exploration Point dse1_2 reported: Downloading a2dv2.qar.sha256 ...
Info: Exploration Point dse1_2 reported: Finished download.
Info: Exploration Point dse1_2 reported: Verified dse/dse1/dse1_2\a2dv2.qar.sha256 exists.
Info: Exploration Point dse1_2 reported: Downloading a2dv2.qar ...
Info: Exploration Point dse1_2 reported: Finished download.
Info: Exploration Point dse1_2 reported: Verified dse/dse1/dse1_2\a2dv2.qar exists.
Info: Exploration Point dse1_2 reported: Download successful. Checksum matched expected value.
Info: Exploration Point dse1_2 reported: Running quartus_sh --restore -output dse/dse1/dse1_2 dse/dse1/dse1_2\a2dv2.qar
Info: Exploration Point dse1_2 reported: Downloading dse1_2.qsf ...
Info: Exploration Point dse1_2 reported: Finished download.
Info: Exploration Point dse1_2 reported: Verified C:\Users\saurabhg\Desktop\fpga-spreadspectrum-adaptivefilt\a2dv2\dse/dse1/dse1_2\a2dv2.qsf exists.
Info: Exploration Point dse1_2 reported: Downloading dse1_2.qpf ...
Info: Exploration Point dse1_2 reported: Finished download.
Info: Exploration Point dse1_2 reported: Verified dse/dse1/dse1_2\a2dv2.qpf exists.
Info: Exploration Point dse1_2 reported: Sent timestamps successfully
Info: Exploration Point dse1_2 reported: Sent timestamps successfully
Info: Exploration Point dse1_2 reported: Compilation finished. 0 msgs
Info: Exploration Point dse1_2 reported: Processing keep results option: all
Info: Revision: dse1_3 will be compiled on compute node: ENS12198
Info: Exploration Point dse1_3 reported: Registering self with server http://127.0.0.1:62122/api/v1.0/broker/server/
Info: Exploration Point dse1_3 reported: Successfully registered with server.
Info: Exploration Point dse1_3 reported: Starting compilation quartus_sh --ipc_json --flow compile a2dv2.qsf
Info: Exploration Point dse1_3 reported: Sent timestamps successfully
Info: Exploration Point dse1_3 reported: Preparing to compile a2dv2 ...
Info: Exploration Point dse1_3 reported: Downloading a2dv2.qar.sha256 ...
Info: Exploration Point dse1_3 reported: Finished download.
Info: Exploration Point dse1_3 reported: Verified dse/dse1/dse1_3\a2dv2.qar.sha256 exists.
Info: Exploration Point dse1_3 reported: Downloading a2dv2.qar ...
Info: Exploration Point dse1_3 reported: Finished download.
Info: Exploration Point dse1_3 reported: Verified dse/dse1/dse1_3\a2dv2.qar exists.
Info: Exploration Point dse1_3 reported: Download successful. Checksum matched expected value.
Info: Exploration Point dse1_3 reported: Running quartus_sh --restore -output dse/dse1/dse1_3 dse/dse1/dse1_3\a2dv2.qar
Info: Exploration Point dse1_3 reported: Downloading dse1_3.qsf ...
Info: Exploration Point dse1_3 reported: Finished download.
Info: Exploration Point dse1_3 reported: Verified C:\Users\saurabhg\Desktop\fpga-spreadspectrum-adaptivefilt\a2dv2\dse/dse1/dse1_3\a2dv2.qsf exists.
Info: Exploration Point dse1_3 reported: Downloading dse1_3.qpf ...
Info: Exploration Point dse1_3 reported: Finished download.
Info: Exploration Point dse1_3 reported: Verified dse/dse1/dse1_3\a2dv2.qpf exists.
Info: Exploration Point dse1_3 reported: Sent timestamps successfully
Info: Exploration Point dse1_3 reported: Sent timestamps successfully
Info: Exploration Point dse1_3 reported: Compilation finished. 0 msgs
Info: Exploration Point dse1_3 reported: Processing keep results option: all
Info: Revision: dse1_4 will be compiled on compute node: ENS12198
Info: Exploration Point dse1_4 reported: Registering self with server http://127.0.0.1:62122/api/v1.0/broker/server/
Info: Exploration Point dse1_4 reported: Successfully registered with server.
Info: Exploration Point dse1_4 reported: Starting compilation quartus_sh --ipc_json --flow compile a2dv2.qsf
Info: Exploration Point dse1_4 reported: Sent timestamps successfully
Info: Exploration Point dse1_4 reported: Preparing to compile a2dv2 ...
Info: Exploration Point dse1_4 reported: Downloading a2dv2.qar.sha256 ...
Info: Exploration Point dse1_4 reported: Finished download.
Info: Exploration Point dse1_4 reported: Verified dse/dse1/dse1_4\a2dv2.qar.sha256 exists.
Info: Exploration Point dse1_4 reported: Downloading a2dv2.qar ...
Info: Exploration Point dse1_4 reported: Finished download.
Info: Exploration Point dse1_4 reported: Verified dse/dse1/dse1_4\a2dv2.qar exists.
Info: Exploration Point dse1_4 reported: Download successful. Checksum matched expected value.
Info: Exploration Point dse1_4 reported: Running quartus_sh --restore -output dse/dse1/dse1_4 dse/dse1/dse1_4\a2dv2.qar
Info: Exploration Point dse1_4 reported: Downloading dse1_4.qsf ...
Info: Exploration Point dse1_4 reported: Finished download.
Info: Exploration Point dse1_4 reported: Verified C:\Users\saurabhg\Desktop\fpga-spreadspectrum-adaptivefilt\a2dv2\dse/dse1/dse1_4\a2dv2.qsf exists.
Info: Exploration Point dse1_4 reported: Downloading dse1_4.qpf ...
Info: Exploration Point dse1_4 reported: Finished download.
Info: Exploration Point dse1_4 reported: Verified dse/dse1/dse1_4\a2dv2.qpf exists.
Info: Exploration Point dse1_4 reported: Sent timestamps successfully
Info: Exploration Point dse1_4 reported: Sent timestamps successfully
Info: Exploration Point dse1_4 reported: Compilation finished. 0 msgs
Info: Exploration Point dse1_4 reported: Processing keep results option: all
Info: Revision: dse1_5 will be compiled on compute node: ENS12198
Info: Exploration Point dse1_5 reported: Registering self with server http://127.0.0.1:62122/api/v1.0/broker/server/
Info: Exploration Point dse1_5 reported: Successfully registered with server.
Info: Exploration Point dse1_5 reported: Starting compilation quartus_sh --ipc_json --flow compile a2dv2.qsf
Info: Exploration Point dse1_5 reported: Sent timestamps successfully
Info: Exploration Point dse1_5 reported: Preparing to compile a2dv2 ...
Info: Exploration Point dse1_5 reported: Downloading a2dv2.qar.sha256 ...
Info: Exploration Point dse1_5 reported: Finished download.
Info: Exploration Point dse1_5 reported: Verified dse/dse1/dse1_5\a2dv2.qar.sha256 exists.
Info: Exploration Point dse1_5 reported: Downloading a2dv2.qar ...
Info: Exploration Point dse1_5 reported: Finished download.
Info: Exploration Point dse1_5 reported: Verified dse/dse1/dse1_5\a2dv2.qar exists.
Info: Exploration Point dse1_5 reported: Download successful. Checksum matched expected value.
Info: Exploration Point dse1_5 reported: Running quartus_sh --restore -output dse/dse1/dse1_5 dse/dse1/dse1_5\a2dv2.qar
Info: Exploration Point dse1_5 reported: Downloading dse1_5.qsf ...
Info: Exploration Point dse1_5 reported: Finished download.
Info: Exploration Point dse1_5 reported: Verified C:\Users\saurabhg\Desktop\fpga-spreadspectrum-adaptivefilt\a2dv2\dse/dse1/dse1_5\a2dv2.qsf exists.
Info: Exploration Point dse1_5 reported: Downloading dse1_5.qpf ...
Info: Exploration Point dse1_5 reported: Finished download.
Info: Exploration Point dse1_5 reported: Verified dse/dse1/dse1_5\a2dv2.qpf exists.
Info: Exploration Point dse1_5 reported: Sent timestamps successfully
Info: Exploration Point dse1_5 reported: Sent timestamps successfully
Info: Exploration Point dse1_5 reported: Compilation finished. 0 msgs
Info: Exploration Point dse1_5 reported: Processing keep results option: all
Info: Completed exploration. Results: 6 passed; 0 failed.
Info: Processing ended: Sun Jul 24 22:03:01 2016
Info: Elapsed time: 0:20:44

