Flow report for a2dv2
Tue Jul 12 16:37:05 2016
Quartus Prime Version 16.0.0 Build 211 04/27/2016 SJ Lite Edition


---------------------
; Table of Contents ;
---------------------
  1. Legal Notice
  2. Flow Summary
  3. Flow Settings
  4. Flow Non-Default Global Settings
  5. Flow Elapsed Time
  6. Flow OS Summary
  7. Flow Log
  8. Flow Messages
  9. Flow Suppressed Messages



----------------
; Legal Notice ;
----------------
Copyright (C) 1991-2016 Altera Corporation. All rights reserved.
Your use of Altera Corporation's design tools, logic functions 
and other software and tools, and its AMPP partner logic 
functions, and any output files from any of the foregoing 
(including device programming or simulation files), and any 
associated documentation or information are expressly subject 
to the terms and conditions of the Altera Program License 
Subscription Agreement, the Altera Quartus Prime License Agreement,
the Altera MegaCore Function License Agreement, or other 
applicable license agreement, including, without limitation, 
that your use is for the sole purpose of programming logic 
devices manufactured by Altera and sold by Altera or its 
authorized distributors.  Please refer to the applicable 
agreement for further details.



+----------------------------------------------------------------------------------+
; Flow Summary                                                                     ;
+------------------------------------+---------------------------------------------+
; Flow Status                        ; Successful - Tue Jul 12 16:37:05 2016       ;
; Quartus Prime Version              ; 16.0.0 Build 211 04/27/2016 SJ Lite Edition ;
; Revision Name                      ; a2dv2                                       ;
; Top-level Entity Name              ; a2dv2                                       ;
; Family                             ; Cyclone IV E                                ;
; Device                             ; EP4CE115F29C7                               ;
; Timing Models                      ; Final                                       ;
; Total logic elements               ; 7,652 / 114,480 ( 7 % )                     ;
;     Total combinational functions  ; 4,696 / 114,480 ( 4 % )                     ;
;     Dedicated logic registers      ; 5,572 / 114,480 ( 5 % )                     ;
; Total registers                    ; 5572                                        ;
; Total pins                         ; 365 / 529 ( 69 % )                          ;
; Total virtual pins                 ; 0                                           ;
; Total memory bits                  ; 45,056 / 3,981,312 ( 1 % )                  ;
; Embedded Multiplier 9-bit elements ; 20 / 532 ( 4 % )                            ;
; Total PLLs                         ; 0 / 4 ( 0 % )                               ;
+------------------------------------+---------------------------------------------+


+-----------------------------------------+
; Flow Settings                           ;
+-------------------+---------------------+
; Option            ; Setting             ;
+-------------------+---------------------+
; Start date & time ; 07/12/2016 16:35:04 ;
; Main task         ; Compilation         ;
; Revision Name     ; a2dv2               ;
+-------------------+---------------------+


+---------------------------------------------------------------------------------------------------------------------------------------------------------------------------------------------------------------------------------------------------------------------------------------------------------------------------------------------------------------------------------------------------------------------------------------------------------------------------+
; Flow Non-Default Global Settings                                                                                                                                                                                                                                                                                                                                                                                                                                          ;
+-------------------------------------+------------------------------------------------------------------------------------------------------------------------------------------------------------------------------------------------------------------------------------------------------------------------------------------------------------------------------------------------------------------------------------+---------------+-------------+------------------+
; Assignment Name                     ; Value                                                                                                                                                                                                                                                                                                                                                                              ; Default Value ; Entity Name ; Section Id       ;
+-------------------------------------+------------------------------------------------------------------------------------------------------------------------------------------------------------------------------------------------------------------------------------------------------------------------------------------------------------------------------------------------------------------------------------+---------------+-------------+------------------+
; COMPILER_SIGNATURE_ID               ; 88398803683689.146836290407144                                                                                                                                                                                                                                                                                                                                                     ; --            ; --          ; --               ;
; EDA_OUTPUT_DATA_FORMAT              ; Verilog Hdl                                                                                                                                                                                                                                                                                                                                                                        ; --            ; --          ; eda_simulation   ;
; EDA_SIMULATION_TOOL                 ; ModelSim-Altera (Verilog)                                                                                                                                                                                                                                                                                                                                                          ; <None>        ; --          ; --               ;
; ENABLE_SIGNALTAP                    ; On                                                                                                                                                                                                                                                                                                                                                                                 ; --            ; --          ; --               ;
; MAX_CORE_JUNCTION_TEMP              ; 85                                                                                                                                                                                                                                                                                                                                                                                 ; --            ; --          ; --               ;
; MIN_CORE_JUNCTION_TEMP              ; 0                                                                                                                                                                                                                                                                                                                                                                                  ; --            ; --          ; --               ;
; MISC_FILE                           ; a2d_data_a.bsf                                                                                                                                                                                                                                                                                                                                                                     ; --            ; --          ; --               ;
; MISC_FILE                           ; a2d_data_a_bb.v                                                                                                                                                                                                                                                                                                                                                                    ; --            ; --          ; --               ;
; MISC_FILE                           ; fir_IP.cmp                                                                                                                                                                                                                                                                                                                                                                         ; --            ; --          ; --               ;
; MISC_FILE                           ; fir_IP_sim/dspba_library_package.vhd                                                                                                                                                                                                                                                                                                                                               ; --            ; --          ; --               ;
; MISC_FILE                           ; fir_IP_sim/dspba_library.vhd                                                                                                                                                                                                                                                                                                                                                       ; --            ; --          ; --               ;
; MISC_FILE                           ; fir_IP_sim/auk_dspip_math_pkg_hpfir.vhd                                                                                                                                                                                                                                                                                                                                            ; --            ; --          ; --               ;
; MISC_FILE                           ; fir_IP_sim/auk_dspip_lib_pkg_hpfir.vhd                                                                                                                                                                                                                                                                                                                                             ; --            ; --          ; --               ;
; MISC_FILE                           ; fir_IP_sim/auk_dspip_avalon_streaming_controller_hpfir.vhd                                                                                                                                                                                                                                                                                                                         ; --            ; --          ; --               ;
; MISC_FILE                           ; fir_IP_sim/auk_dspip_avalon_streaming_sink_hpfir.vhd                                                                                                                                                                                                                                                                                                                               ; --            ; --          ; --               ;
; MISC_FILE                           ; fir_IP_sim/auk_dspip_avalon_streaming_source_hpfir.vhd                                                                                                                                                                                                                                                                                                                             ; --            ; --          ; --               ;
; MISC_FILE                           ; fir_IP_sim/auk_dspip_roundsat_hpfir.vhd                                                                                                                                                                                                                                                                                                                                            ; --            ; --          ; --               ;
; MISC_FILE                           ; fir_IP_sim/altera_avalon_sc_fifo.v                                                                                                                                                                                                                                                                                                                                                 ; --            ; --          ; --               ;
; MISC_FILE                           ; fir_IP_sim/fir_IP_rtl_core.vhd                                                                                                                                                                                                                                                                                                                                                     ; --            ; --          ; --               ;
; MISC_FILE                           ; fir_IP_sim/fir_IP_ast.vhd                                                                                                                                                                                                                                                                                                                                                          ; --            ; --          ; --               ;
; MISC_FILE                           ; fir_IP_sim/fir_IP.vhd                                                                                                                                                                                                                                                                                                                                                              ; --            ; --          ; --               ;
; MISC_FILE                           ; fir_IP_sim/fir_IP_nativelink.tcl                                                                                                                                                                                                                                                                                                                                                   ; --            ; --          ; --               ;
; MISC_FILE                           ; fir_IP_sim/fir_IP_msim.tcl                                                                                                                                                                                                                                                                                                                                                         ; --            ; --          ; --               ;
; MISC_FILE                           ; fir_IP_sim/fir_IP_tb.vhd                                                                                                                                                                                                                                                                                                                                                           ; --            ; --          ; --               ;
; MISC_FILE                           ; fir_IP_sim/fir_IP_mlab.m                                                                                                                                                                                                                                                                                                                                                           ; --            ; --          ; --               ;
; MISC_FILE                           ; fir_IP_sim/fir_IP_model.m                                                                                                                                                                                                                                                                                                                                                          ; --            ; --          ; --               ;
; MISC_FILE                           ; fir_IP_sim/fir_IP_coef_int.txt                                                                                                                                                                                                                                                                                                                                                     ; --            ; --          ; --               ;
; MISC_FILE                           ; fir_IP_sim/fir_IP_input.txt                                                                                                                                                                                                                                                                                                                                                        ; --            ; --          ; --               ;
; MISC_FILE                           ; fir_IP_sim/fir_IP_param.txt                                                                                                                                                                                                                                                                                                                                                        ; --            ; --          ; --               ;
; MISC_FILE                           ; PLL_200MHz.bsf                                                                                                                                                                                                                                                                                                                                                                     ; --            ; --          ; --               ;
; MISC_FILE                           ; PLL_200MHz_inst.v                                                                                                                                                                                                                                                                                                                                                                  ; --            ; --          ; --               ;
; MISC_FILE                           ; PLL_200MHz_bb.v                                                                                                                                                                                                                                                                                                                                                                    ; --            ; --          ; --               ;
; MISC_FILE                           ; PLL_200MHz.inc                                                                                                                                                                                                                                                                                                                                                                     ; --            ; --          ; --               ;
; MISC_FILE                           ; PLL_200MHz.cmp                                                                                                                                                                                                                                                                                                                                                                     ; --            ; --          ; --               ;
; MISC_FILE                           ; PLL_200MHz.ppf                                                                                                                                                                                                                                                                                                                                                                     ; --            ; --          ; --               ;
; MISC_FILE                           ; PLL_200MHz_syn.v                                                                                                                                                                                                                                                                                                                                                                   ; --            ; --          ; --               ;
; PARTITION_COLOR                     ; 16764057                                                                                                                                                                                                                                                                                                                                                                           ; --            ; --          ; Top              ;
; PARTITION_FITTER_PRESERVATION_LEVEL ; PLACEMENT_AND_ROUTING                                                                                                                                                                                                                                                                                                                                                              ; --            ; --          ; Top              ;
; PARTITION_NETLIST_TYPE              ; SOURCE                                                                                                                                                                                                                                                                                                                                                                             ; --            ; --          ; Top              ;
; POWER_BOARD_THERMAL_MODEL           ; None (CONSERVATIVE)                                                                                                                                                                                                                                                                                                                                                                ; --            ; --          ; --               ;
; POWER_PRESET_COOLING_SOLUTION       ; 23 MM HEAT SINK WITH 200 LFPM AIRFLOW                                                                                                                                                                                                                                                                                                                                              ; --            ; --          ; --               ;
; SLD_FILE                            ; db/stp3_auto_stripped.stp                                                                                                                                                                                                                                                                                                                                                          ; --            ; --          ; --               ;
; SLD_NODE_CREATOR_ID                 ; 110                                                                                                                                                                                                                                                                                                                                                                                ; --            ; --          ; auto_signaltap_3 ;
; SLD_NODE_CREATOR_ID                 ; 110                                                                                                                                                                                                                                                                                                                                                                                ; --            ; --          ; auto_signaltap_2 ;
; SLD_NODE_CREATOR_ID                 ; 110                                                                                                                                                                                                                                                                                                                                                                                ; --            ; --          ; auto_signaltap_1 ;
; SLD_NODE_CREATOR_ID                 ; 110                                                                                                                                                                                                                                                                                                                                                                                ; --            ; --          ; auto_signaltap_0 ;
; SLD_NODE_ENTITY_NAME                ; sld_signaltap                                                                                                                                                                                                                                                                                                                                                                      ; --            ; --          ; auto_signaltap_3 ;
; SLD_NODE_ENTITY_NAME                ; sld_signaltap                                                                                                                                                                                                                                                                                                                                                                      ; --            ; --          ; auto_signaltap_2 ;
; SLD_NODE_ENTITY_NAME                ; sld_signaltap                                                                                                                                                                                                                                                                                                                                                                      ; --            ; --          ; auto_signaltap_1 ;
; SLD_NODE_ENTITY_NAME                ; sld_signaltap                                                                                                                                                                                                                                                                                                                                                                      ; --            ; --          ; auto_signaltap_0 ;
; SLD_NODE_PARAMETER_ASSIGNMENT       ; SLD_RAM_BLOCK_TYPE=AUTO                                                                                                                                                                                                                                                                                                                                                            ; --            ; --          ; auto_signaltap_3 ;
; SLD_NODE_PARAMETER_ASSIGNMENT       ; SLD_NODE_INFO=805334531                                                                                                                                                                                                                                                                                                                                                            ; --            ; --          ; auto_signaltap_3 ;
; SLD_NODE_PARAMETER_ASSIGNMENT       ; SLD_POWER_UP_TRIGGER=0                                                                                                                                                                                                                                                                                                                                                             ; --            ; --          ; auto_signaltap_3 ;
; SLD_NODE_PARAMETER_ASSIGNMENT       ; SLD_STORAGE_QUALIFIER_INVERSION_MASK_LENGTH=0                                                                                                                                                                                                                                                                                                                                      ; --            ; --          ; auto_signaltap_3 ;
; SLD_NODE_PARAMETER_ASSIGNMENT       ; SLD_SEGMENT_SIZE=256                                                                                                                                                                                                                                                                                                                                                               ; --            ; --          ; auto_signaltap_3 ;
; SLD_NODE_PARAMETER_ASSIGNMENT       ; SLD_ATTRIBUTE_MEM_MODE=OFF                                                                                                                                                                                                                                                                                                                                                         ; --            ; --          ; auto_signaltap_3 ;
; SLD_NODE_PARAMETER_ASSIGNMENT       ; SLD_STATE_FLOW_USE_GENERATED=0                                                                                                                                                                                                                                                                                                                                                     ; --            ; --          ; auto_signaltap_3 ;
; SLD_NODE_PARAMETER_ASSIGNMENT       ; SLD_STATE_BITS=11                                                                                                                                                                                                                                                                                                                                                                  ; --            ; --          ; auto_signaltap_3 ;
; SLD_NODE_PARAMETER_ASSIGNMENT       ; SLD_BUFFER_FULL_STOP=1                                                                                                                                                                                                                                                                                                                                                             ; --            ; --          ; auto_signaltap_3 ;
; SLD_NODE_PARAMETER_ASSIGNMENT       ; SLD_CURRENT_RESOURCE_WIDTH=1                                                                                                                                                                                                                                                                                                                                                       ; --            ; --          ; auto_signaltap_3 ;
; SLD_NODE_PARAMETER_ASSIGNMENT       ; SLD_INCREMENTAL_ROUTING=1                                                                                                                                                                                                                                                                                                                                                          ; --            ; --          ; auto_signaltap_3 ;
; SLD_NODE_PARAMETER_ASSIGNMENT       ; SLD_TRIGGER_LEVEL=1                                                                                                                                                                                                                                                                                                                                                                ; --            ; --          ; auto_signaltap_3 ;
; SLD_NODE_PARAMETER_ASSIGNMENT       ; SLD_SAMPLE_DEPTH=256                                                                                                                                                                                                                                                                                                                                                               ; --            ; --          ; auto_signaltap_3 ;
; SLD_NODE_PARAMETER_ASSIGNMENT       ; SLD_TRIGGER_IN_ENABLED=0                                                                                                                                                                                                                                                                                                                                                           ; --            ; --          ; auto_signaltap_3 ;
; SLD_NODE_PARAMETER_ASSIGNMENT       ; SLD_TRIGGER_PIPELINE=0                                                                                                                                                                                                                                                                                                                                                             ; --            ; --          ; auto_signaltap_3 ;
; SLD_NODE_PARAMETER_ASSIGNMENT       ; SLD_RAM_PIPELINE=0                                                                                                                                                                                                                                                                                                                                                                 ; --            ; --          ; auto_signaltap_3 ;
; SLD_NODE_PARAMETER_ASSIGNMENT       ; SLD_COUNTER_PIPELINE=0                                                                                                                                                                                                                                                                                                                                                             ; --            ; --          ; auto_signaltap_3 ;
; SLD_NODE_PARAMETER_ASSIGNMENT       ; SLD_ADVANCED_TRIGGER_ENTITY=basic,1,                                                                                                                                                                                                                                                                                                                                               ; --            ; --          ; auto_signaltap_3 ;
; SLD_NODE_PARAMETER_ASSIGNMENT       ; SLD_TRIGGER_LEVEL_PIPELINE=1                                                                                                                                                                                                                                                                                                                                                       ; --            ; --          ; auto_signaltap_3 ;
; SLD_NODE_PARAMETER_ASSIGNMENT       ; SLD_ENABLE_ADVANCED_TRIGGER=0                                                                                                                                                                                                                                                                                                                                                      ; --            ; --          ; auto_signaltap_3 ;
; SLD_NODE_PARAMETER_ASSIGNMENT       ; SLD_DATA_BITS=92                                                                                                                                                                                                                                                                                                                                                                   ; --            ; --          ; auto_signaltap_3 ;
; SLD_NODE_PARAMETER_ASSIGNMENT       ; SLD_TRIGGER_BITS=92                                                                                                                                                                                                                                                                                                                                                                ; --            ; --          ; auto_signaltap_3 ;
; SLD_NODE_PARAMETER_ASSIGNMENT       ; SLD_STORAGE_QUALIFIER_BITS=92                                                                                                                                                                                                                                                                                                                                                      ; --            ; --          ; auto_signaltap_3 ;
; SLD_NODE_PARAMETER_ASSIGNMENT       ; SLD_INVERSION_MASK=0000000000000000000000000000000000000000000000000000000000000000000000000000000000000000000000000000000000000000000000000000000000000000000000000000000000000000000000000000000000000000000000000000000000000000000000000000000000000000000000000000000000000000000000000000000000000000000000000000000000                                                      ; --            ; --          ; auto_signaltap_3 ;
; SLD_NODE_PARAMETER_ASSIGNMENT       ; SLD_INVERSION_MASK_LENGTH=298                                                                                                                                                                                                                                                                                                                                                      ; --            ; --          ; auto_signaltap_3 ;
; SLD_NODE_PARAMETER_ASSIGNMENT       ; SLD_RAM_BLOCK_TYPE=AUTO                                                                                                                                                                                                                                                                                                                                                            ; --            ; --          ; auto_signaltap_2 ;
; SLD_NODE_PARAMETER_ASSIGNMENT       ; SLD_NODE_INFO=805334530                                                                                                                                                                                                                                                                                                                                                            ; --            ; --          ; auto_signaltap_2 ;
; SLD_NODE_PARAMETER_ASSIGNMENT       ; SLD_POWER_UP_TRIGGER=0                                                                                                                                                                                                                                                                                                                                                             ; --            ; --          ; auto_signaltap_2 ;
; SLD_NODE_PARAMETER_ASSIGNMENT       ; SLD_ATTRIBUTE_MEM_MODE=OFF                                                                                                                                                                                                                                                                                                                                                         ; --            ; --          ; auto_signaltap_2 ;
; SLD_NODE_PARAMETER_ASSIGNMENT       ; SLD_STATE_FLOW_USE_GENERATED=0                                                                                                                                                                                                                                                                                                                                                     ; --            ; --          ; auto_signaltap_2 ;
; SLD_NODE_PARAMETER_ASSIGNMENT       ; SLD_STATE_BITS=11                                                                                                                                                                                                                                                                                                                                                                  ; --            ; --          ; auto_signaltap_2 ;
; SLD_NODE_PARAMETER_ASSIGNMENT       ; SLD_BUFFER_FULL_STOP=1                                                                                                                                                                                                                                                                                                                                                             ; --            ; --          ; auto_signaltap_2 ;
; SLD_NODE_PARAMETER_ASSIGNMENT       ; SLD_CURRENT_RESOURCE_WIDTH=1                                                                                                                                                                                                                                                                                                                                                       ; --            ; --          ; auto_signaltap_2 ;
; SLD_NODE_PARAMETER_ASSIGNMENT       ; SLD_INCREMENTAL_ROUTING=1                                                                                                                                                                                                                                                                                                                                                          ; --            ; --          ; auto_signaltap_2 ;
; SLD_NODE_PARAMETER_ASSIGNMENT       ; SLD_TRIGGER_LEVEL=1                                                                                                                                                                                                                                                                                                                                                                ; --            ; --          ; auto_signaltap_2 ;
; SLD_NODE_PARAMETER_ASSIGNMENT       ; SLD_TRIGGER_IN_ENABLED=0                                                                                                                                                                                                                                                                                                                                                           ; --            ; --          ; auto_signaltap_2 ;
; SLD_NODE_PARAMETER_ASSIGNMENT       ; SLD_TRIGGER_PIPELINE=0                                                                                                                                                                                                                                                                                                                                                             ; --            ; --          ; auto_signaltap_2 ;
; SLD_NODE_PARAMETER_ASSIGNMENT       ; SLD_RAM_PIPELINE=0                                                                                                                                                                                                                                                                                                                                                                 ; --            ; --          ; auto_signaltap_2 ;
; SLD_NODE_PARAMETER_ASSIGNMENT       ; SLD_COUNTER_PIPELINE=0                                                                                                                                                                                                                                                                                                                                                             ; --            ; --          ; auto_signaltap_2 ;
; SLD_NODE_PARAMETER_ASSIGNMENT       ; SLD_ADVANCED_TRIGGER_ENTITY=basic,1,                                                                                                                                                                                                                                                                                                                                               ; --            ; --          ; auto_signaltap_2 ;
; SLD_NODE_PARAMETER_ASSIGNMENT       ; SLD_TRIGGER_LEVEL_PIPELINE=1                                                                                                                                                                                                                                                                                                                                                       ; --            ; --          ; auto_signaltap_2 ;
; SLD_NODE_PARAMETER_ASSIGNMENT       ; SLD_ENABLE_ADVANCED_TRIGGER=0                                                                                                                                                                                                                                                                                                                                                      ; --            ; --          ; auto_signaltap_2 ;
; SLD_NODE_PARAMETER_ASSIGNMENT       ; SLD_DATA_BITS=42                                                                                                                                                                                                                                                                                                                                                                   ; --            ; --          ; auto_signaltap_2 ;
; SLD_NODE_PARAMETER_ASSIGNMENT       ; SLD_TRIGGER_BITS=42                                                                                                                                                                                                                                                                                                                                                                ; --            ; --          ; auto_signaltap_2 ;
; SLD_NODE_PARAMETER_ASSIGNMENT       ; SLD_STORAGE_QUALIFIER_BITS=42                                                                                                                                                                                                                                                                                                                                                      ; --            ; --          ; auto_signaltap_2 ;
; SLD_NODE_PARAMETER_ASSIGNMENT       ; SLD_STORAGE_QUALIFIER_INVERSION_MASK_LENGTH=0                                                                                                                                                                                                                                                                                                                                      ; --            ; --          ; auto_signaltap_2 ;
; SLD_NODE_PARAMETER_ASSIGNMENT       ; SLD_INVERSION_MASK=00000000000000000000000000000000000000000000000000000000000000000000000000000000000000000000000000000000000000000000000000000000000000000000000000                                                                                                                                                                                                              ; --            ; --          ; auto_signaltap_2 ;
; SLD_NODE_PARAMETER_ASSIGNMENT       ; SLD_INVERSION_MASK_LENGTH=146                                                                                                                                                                                                                                                                                                                                                      ; --            ; --          ; auto_signaltap_2 ;
; SLD_NODE_PARAMETER_ASSIGNMENT       ; SLD_SEGMENT_SIZE=64                                                                                                                                                                                                                                                                                                                                                                ; --            ; --          ; auto_signaltap_2 ;
; SLD_NODE_PARAMETER_ASSIGNMENT       ; SLD_SAMPLE_DEPTH=64                                                                                                                                                                                                                                                                                                                                                                ; --            ; --          ; auto_signaltap_2 ;
; SLD_NODE_PARAMETER_ASSIGNMENT       ; SLD_RAM_BLOCK_TYPE=AUTO                                                                                                                                                                                                                                                                                                                                                            ; --            ; --          ; auto_signaltap_1 ;
; SLD_NODE_PARAMETER_ASSIGNMENT       ; SLD_NODE_INFO=805334529                                                                                                                                                                                                                                                                                                                                                            ; --            ; --          ; auto_signaltap_1 ;
; SLD_NODE_PARAMETER_ASSIGNMENT       ; SLD_POWER_UP_TRIGGER=0                                                                                                                                                                                                                                                                                                                                                             ; --            ; --          ; auto_signaltap_1 ;
; SLD_NODE_PARAMETER_ASSIGNMENT       ; SLD_ATTRIBUTE_MEM_MODE=OFF                                                                                                                                                                                                                                                                                                                                                         ; --            ; --          ; auto_signaltap_1 ;
; SLD_NODE_PARAMETER_ASSIGNMENT       ; SLD_STATE_FLOW_USE_GENERATED=0                                                                                                                                                                                                                                                                                                                                                     ; --            ; --          ; auto_signaltap_1 ;
; SLD_NODE_PARAMETER_ASSIGNMENT       ; SLD_STATE_BITS=11                                                                                                                                                                                                                                                                                                                                                                  ; --            ; --          ; auto_signaltap_1 ;
; SLD_NODE_PARAMETER_ASSIGNMENT       ; SLD_BUFFER_FULL_STOP=1                                                                                                                                                                                                                                                                                                                                                             ; --            ; --          ; auto_signaltap_1 ;
; SLD_NODE_PARAMETER_ASSIGNMENT       ; SLD_CURRENT_RESOURCE_WIDTH=1                                                                                                                                                                                                                                                                                                                                                       ; --            ; --          ; auto_signaltap_1 ;
; SLD_NODE_PARAMETER_ASSIGNMENT       ; SLD_INCREMENTAL_ROUTING=1                                                                                                                                                                                                                                                                                                                                                          ; --            ; --          ; auto_signaltap_1 ;
; SLD_NODE_PARAMETER_ASSIGNMENT       ; SLD_TRIGGER_LEVEL=1                                                                                                                                                                                                                                                                                                                                                                ; --            ; --          ; auto_signaltap_1 ;
; SLD_NODE_PARAMETER_ASSIGNMENT       ; SLD_TRIGGER_IN_ENABLED=0                                                                                                                                                                                                                                                                                                                                                           ; --            ; --          ; auto_signaltap_1 ;
; SLD_NODE_PARAMETER_ASSIGNMENT       ; SLD_TRIGGER_PIPELINE=0                                                                                                                                                                                                                                                                                                                                                             ; --            ; --          ; auto_signaltap_1 ;
; SLD_NODE_PARAMETER_ASSIGNMENT       ; SLD_RAM_PIPELINE=0                                                                                                                                                                                                                                                                                                                                                                 ; --            ; --          ; auto_signaltap_1 ;
; SLD_NODE_PARAMETER_ASSIGNMENT       ; SLD_COUNTER_PIPELINE=0                                                                                                                                                                                                                                                                                                                                                             ; --            ; --          ; auto_signaltap_1 ;
; SLD_NODE_PARAMETER_ASSIGNMENT       ; SLD_ADVANCED_TRIGGER_ENTITY=basic,1,                                                                                                                                                                                                                                                                                                                                               ; --            ; --          ; auto_signaltap_1 ;
; SLD_NODE_PARAMETER_ASSIGNMENT       ; SLD_TRIGGER_LEVEL_PIPELINE=1                                                                                                                                                                                                                                                                                                                                                       ; --            ; --          ; auto_signaltap_1 ;
; SLD_NODE_PARAMETER_ASSIGNMENT       ; SLD_ENABLE_ADVANCED_TRIGGER=0                                                                                                                                                                                                                                                                                                                                                      ; --            ; --          ; auto_signaltap_1 ;
; SLD_NODE_PARAMETER_ASSIGNMENT       ; SLD_STORAGE_QUALIFIER_INVERSION_MASK_LENGTH=0                                                                                                                                                                                                                                                                                                                                      ; --            ; --          ; auto_signaltap_1 ;
; SLD_NODE_PARAMETER_ASSIGNMENT       ; SLD_DATA_BITS=110                                                                                                                                                                                                                                                                                                                                                                  ; --            ; --          ; auto_signaltap_1 ;
; SLD_NODE_PARAMETER_ASSIGNMENT       ; SLD_TRIGGER_BITS=110                                                                                                                                                                                                                                                                                                                                                               ; --            ; --          ; auto_signaltap_1 ;
; SLD_NODE_PARAMETER_ASSIGNMENT       ; SLD_STORAGE_QUALIFIER_BITS=110                                                                                                                                                                                                                                                                                                                                                     ; --            ; --          ; auto_signaltap_1 ;
; SLD_NODE_PARAMETER_ASSIGNMENT       ; SLD_INVERSION_MASK=000000000000000000000000000000000000000000000000000000000000000000000000000000000000000000000000000000000000000000000000000000000000000000000000000000000000000000000000000000000000000000000000000000000000000000000000000000000000000000000000000000000000000000000000000000000000000000000000000000000000000000000000000000000000000000000000000000000000000 ; --            ; --          ; auto_signaltap_1 ;
; SLD_NODE_PARAMETER_ASSIGNMENT       ; SLD_INVERSION_MASK_LENGTH=351                                                                                                                                                                                                                                                                                                                                                      ; --            ; --          ; auto_signaltap_1 ;
; SLD_NODE_PARAMETER_ASSIGNMENT       ; SLD_SEGMENT_SIZE=128                                                                                                                                                                                                                                                                                                                                                               ; --            ; --          ; auto_signaltap_1 ;
; SLD_NODE_PARAMETER_ASSIGNMENT       ; SLD_SAMPLE_DEPTH=128                                                                                                                                                                                                                                                                                                                                                               ; --            ; --          ; auto_signaltap_1 ;
; SLD_NODE_PARAMETER_ASSIGNMENT       ; SLD_RAM_BLOCK_TYPE=AUTO                                                                                                                                                                                                                                                                                                                                                            ; --            ; --          ; auto_signaltap_0 ;
; SLD_NODE_PARAMETER_ASSIGNMENT       ; SLD_NODE_INFO=805334528                                                                                                                                                                                                                                                                                                                                                            ; --            ; --          ; auto_signaltap_0 ;
; SLD_NODE_PARAMETER_ASSIGNMENT       ; SLD_POWER_UP_TRIGGER=0                                                                                                                                                                                                                                                                                                                                                             ; --            ; --          ; auto_signaltap_0 ;
; SLD_NODE_PARAMETER_ASSIGNMENT       ; SLD_STORAGE_QUALIFIER_INVERSION_MASK_LENGTH=0                                                                                                                                                                                                                                                                                                                                      ; --            ; --          ; auto_signaltap_0 ;
; SLD_NODE_PARAMETER_ASSIGNMENT       ; SLD_ATTRIBUTE_MEM_MODE=OFF                                                                                                                                                                                                                                                                                                                                                         ; --            ; --          ; auto_signaltap_0 ;
; SLD_NODE_PARAMETER_ASSIGNMENT       ; SLD_STATE_FLOW_USE_GENERATED=0                                                                                                                                                                                                                                                                                                                                                     ; --            ; --          ; auto_signaltap_0 ;
; SLD_NODE_PARAMETER_ASSIGNMENT       ; SLD_STATE_BITS=11                                                                                                                                                                                                                                                                                                                                                                  ; --            ; --          ; auto_signaltap_0 ;
; SLD_NODE_PARAMETER_ASSIGNMENT       ; SLD_BUFFER_FULL_STOP=1                                                                                                                                                                                                                                                                                                                                                             ; --            ; --          ; auto_signaltap_0 ;
; SLD_NODE_PARAMETER_ASSIGNMENT       ; SLD_CURRENT_RESOURCE_WIDTH=1                                                                                                                                                                                                                                                                                                                                                       ; --            ; --          ; auto_signaltap_0 ;
; SLD_NODE_PARAMETER_ASSIGNMENT       ; SLD_INCREMENTAL_ROUTING=1                                                                                                                                                                                                                                                                                                                                                          ; --            ; --          ; auto_signaltap_0 ;
; SLD_NODE_PARAMETER_ASSIGNMENT       ; SLD_TRIGGER_LEVEL=1                                                                                                                                                                                                                                                                                                                                                                ; --            ; --          ; auto_signaltap_0 ;
; SLD_NODE_PARAMETER_ASSIGNMENT       ; SLD_TRIGGER_IN_ENABLED=0                                                                                                                                                                                                                                                                                                                                                           ; --            ; --          ; auto_signaltap_0 ;
; SLD_NODE_PARAMETER_ASSIGNMENT       ; SLD_ADVANCED_TRIGGER_ENTITY=basic,1,                                                                                                                                                                                                                                                                                                                                               ; --            ; --          ; auto_signaltap_0 ;
; SLD_NODE_PARAMETER_ASSIGNMENT       ; SLD_TRIGGER_LEVEL_PIPELINE=1                                                                                                                                                                                                                                                                                                                                                       ; --            ; --          ; auto_signaltap_0 ;
; SLD_NODE_PARAMETER_ASSIGNMENT       ; SLD_ENABLE_ADVANCED_TRIGGER=0                                                                                                                                                                                                                                                                                                                                                      ; --            ; --          ; auto_signaltap_0 ;
; SLD_NODE_PARAMETER_ASSIGNMENT       ; SLD_TRIGGER_PIPELINE=0                                                                                                                                                                                                                                                                                                                                                             ; --            ; --          ; auto_signaltap_0 ;
; SLD_NODE_PARAMETER_ASSIGNMENT       ; SLD_RAM_PIPELINE=0                                                                                                                                                                                                                                                                                                                                                                 ; --            ; --          ; auto_signaltap_0 ;
; SLD_NODE_PARAMETER_ASSIGNMENT       ; SLD_COUNTER_PIPELINE=0                                                                                                                                                                                                                                                                                                                                                             ; --            ; --          ; auto_signaltap_0 ;
; SLD_NODE_PARAMETER_ASSIGNMENT       ; SLD_DATA_BITS=15                                                                                                                                                                                                                                                                                                                                                                   ; --            ; --          ; auto_signaltap_0 ;
; SLD_NODE_PARAMETER_ASSIGNMENT       ; SLD_TRIGGER_BITS=15                                                                                                                                                                                                                                                                                                                                                                ; --            ; --          ; auto_signaltap_0 ;
; SLD_NODE_PARAMETER_ASSIGNMENT       ; SLD_STORAGE_QUALIFIER_BITS=15                                                                                                                                                                                                                                                                                                                                                      ; --            ; --          ; auto_signaltap_0 ;
; SLD_NODE_PARAMETER_ASSIGNMENT       ; SLD_INVERSION_MASK=000000000000000000000000000000000000000000000000000000000000000000                                                                                                                                                                                                                                                                                              ; --            ; --          ; auto_signaltap_0 ;
; SLD_NODE_PARAMETER_ASSIGNMENT       ; SLD_INVERSION_MASK_LENGTH=66                                                                                                                                                                                                                                                                                                                                                       ; --            ; --          ; auto_signaltap_0 ;
; SLD_NODE_PARAMETER_ASSIGNMENT       ; SLD_SEGMENT_SIZE=128                                                                                                                                                                                                                                                                                                                                                               ; --            ; --          ; auto_signaltap_0 ;
; SLD_NODE_PARAMETER_ASSIGNMENT       ; SLD_SAMPLE_DEPTH=128                                                                                                                                                                                                                                                                                                                                                               ; --            ; --          ; auto_signaltap_0 ;
; SPD_FILE                            ; fir_IP.spd                                                                                                                                                                                                                                                                                                                                                                         ; --            ; --          ; --               ;
; SYNTHESIS_ONLY_QIP                  ; On                                                                                                                                                                                                                                                                                                                                                                                 ; --            ; --          ; --               ;
; USE_SIGNALTAP_FILE                  ; stp3.stp                                                                                                                                                                                                                                                                                                                                                                           ; --            ; --          ; --               ;
+-------------------------------------+------------------------------------------------------------------------------------------------------------------------------------------------------------------------------------------------------------------------------------------------------------------------------------------------------------------------------------------------------------------------------------+---------------+-------------+------------------+


+-------------------------------------------------------------------------------------------------------------------------------+
; Flow Elapsed Time                                                                                                             ;
+---------------------------+--------------+-------------------------+---------------------+------------------------------------+
; Module Name               ; Elapsed Time ; Average Processors Used ; Peak Virtual Memory ; Total CPU Time (on all processors) ;
+---------------------------+--------------+-------------------------+---------------------+------------------------------------+
; Analysis & Synthesis      ; 00:00:43     ; 1.0                     ; 1014 MB             ; 00:01:03                           ;
; Fitter                    ; 00:00:44     ; 1.1                     ; 1907 MB             ; 00:00:58                           ;
; Assembler                 ; 00:00:05     ; 1.0                     ; 778 MB              ; 00:00:05                           ;
; TimeQuest Timing Analyzer ; 00:00:06     ; 1.3                     ; 1006 MB             ; 00:00:07                           ;
; EDA Netlist Writer        ; 00:00:12     ; 1.0                     ; 810 MB              ; 00:00:11                           ;
; Total                     ; 00:01:50     ; --                      ; --                  ; 00:02:24                           ;
+---------------------------+--------------+-------------------------+---------------------+------------------------------------+


+----------------------------------------------------------------------------------------+
; Flow OS Summary                                                                        ;
+---------------------------+------------------+-----------+------------+----------------+
; Module Name               ; Machine Hostname ; OS Name   ; OS Version ; Processor type ;
+---------------------------+------------------+-----------+------------+----------------+
; Analysis & Synthesis      ; ENS12198         ; Windows 7 ; 6.1        ; x86_64         ;
; Fitter                    ; ENS12198         ; Windows 7 ; 6.1        ; x86_64         ;
; Assembler                 ; ENS12198         ; Windows 7 ; 6.1        ; x86_64         ;
; TimeQuest Timing Analyzer ; ENS12198         ; Windows 7 ; 6.1        ; x86_64         ;
; EDA Netlist Writer        ; ENS12198         ; Windows 7 ; 6.1        ; x86_64         ;
+---------------------------+------------------+-----------+------------+----------------+


------------
; Flow Log ;
------------
quartus_map --read_settings_files=on --write_settings_files=off a2dv2 -c a2dv2
quartus_fit --read_settings_files=off --write_settings_files=off a2dv2 -c a2dv2
quartus_asm --read_settings_files=off --write_settings_files=off a2dv2 -c a2dv2
quartus_sta a2dv2 -c a2dv2
quartus_eda --read_settings_files=off --write_settings_files=off a2dv2 -c a2dv2



