Info: *******************************************************************
Info: Running Quartus Prime Worker Version 16.0.0 Build 211 04/27/2016 SJ Lite Edition
Info: Your use of Altera Corporation's design tools, logic functions 
Info: and other software and tools, and its AMPP partner logic 
Info: functions, and any output files from any of the foregoing 
Info: (including device programming or simulation files), and any 
Info: associated documentation or information are expressly subject 
Info: to the terms and conditions of the Altera Program License 
Info: Subscription Agreement, the Altera Quartus Prime License Agreement,
Info: the Altera MegaCore Function License Agreement, or other 
Info: applicable license agreement, including, without limitation, 
Info: that your use is for the sole purpose of programming logic 
Info: devices manufactured by Altera and sold by Altera or its 
Info: authorized distributors.  Please refer to the applicable 
Info: agreement for further details.
Info: *******************************************************************
Info: Registering self with server http://127.0.0.1:62122/api/v1.0/broker/server/
Info: Successfully registered with server.
Info: Starting compilation quartus_sh --ipc_json --flow compile a2dv2.qsf
Info: Sent timestamps successfully
Info: Preparing to compile a2dv2 ...
Info: Downloading a2dv2.qar.sha256 ...
Info: Finished download.
Info: Verified dse/dse1/dse1_5\a2dv2.qar.sha256 exists.
Info: Downloading a2dv2.qar ...
Info: Finished download.
Info: Verified dse/dse1/dse1_5\a2dv2.qar exists.
Info: Download successful. Checksum matched expected value.
Info: Running quartus_sh --restore -output dse/dse1/dse1_5 dse/dse1/dse1_5\a2dv2.qar
Info: Downloading dse1_5.qsf ...
Info: Finished download.
Info: Verified C:\Users\saurabhg\Desktop\fpga-spreadspectrum-adaptivefilt\a2dv2\dse/dse1/dse1_5\a2dv2.qsf exists.
Info: Downloading dse1_5.qpf ...
Info: Finished download.
Info: Verified dse/dse1/dse1_5\a2dv2.qpf exists.
Info: Sent timestamps successfully
Info: Sent timestamps successfully
Info: Compilation finished. 0 msgs
Info: Processing keep results option: all
Info: Sent timestamps successfully
